[debug] [2022-11-24T20:14:54.840Z] ----------------------------------------------------------------------
[debug] [2022-11-24T20:14:54.844Z] Command:       C:\Program Files\nodejs\node.exe C:\Users\sarwa\AppData\Roaming\npm\node_modules\firebase-tools\lib\bin\firebase.js deploy
[debug] [2022-11-24T20:14:54.845Z] CLI Version:   11.16.0
[debug] [2022-11-24T20:14:54.845Z] Platform:      win32
[debug] [2022-11-24T20:14:54.845Z] Node Version:  v16.13.1
[debug] [2022-11-24T20:14:54.856Z] Time:          Fri Nov 25 2022 02:14:54 GMT+0600 (Bangladesh Standard Time)
[debug] [2022-11-24T20:14:54.856Z] ----------------------------------------------------------------------
[debug] 
[debug] [2022-11-24T20:14:54.862Z] >>> [apiv2][query] GET https://firebase-public.firebaseio.com/cli.json [none]
[debug] [2022-11-24T20:14:55.025Z] > command requires scopes: ["email","openid","https://www.googleapis.com/auth/cloudplatformprojects.readonly","https://www.googleapis.com/auth/firebase","https://www.googleapis.com/auth/cloud-platform"]
[debug] [2022-11-24T20:14:55.025Z] > authorizing via signed-in user (shohidmax@gmail.com)
[debug] [2022-11-24T20:14:55.026Z] [iam] checking project atif-super-mart-pos for permissions ["firebase.projects.get","firebasehosting.sites.update"]
[debug] [2022-11-24T20:14:55.028Z] > refreshing access token with scopes: []
[debug] [2022-11-24T20:14:55.029Z] >>> [apiv2][query] POST https://www.googleapis.com/oauth2/v3/token [none]
[debug] [2022-11-24T20:14:55.030Z] >>> [apiv2][body] POST https://www.googleapis.com/oauth2/v3/token [omitted]
[debug] [2022-11-24T20:14:55.907Z] <<< [apiv2][status] POST https://www.googleapis.com/oauth2/v3/token 400
[debug] [2022-11-24T20:14:55.907Z] <<< [apiv2][body] POST https://www.googleapis.com/oauth2/v3/token [omitted]
[debug] [2022-11-24T20:14:55.908Z] >>> [apiv2][query] POST https://cloudresourcemanager.googleapis.com/v1/projects/atif-super-mart-pos:testIamPermissions [none]
[debug] [2022-11-24T20:14:55.909Z] >>> [apiv2][(partial)header] POST https://cloudresourcemanager.googleapis.com/v1/projects/atif-super-mart-pos:testIamPermissions x-goog-quota-user=projects/atif-super-mart-pos
[debug] [2022-11-24T20:14:55.909Z] >>> [apiv2][body] POST https://cloudresourcemanager.googleapis.com/v1/projects/atif-super-mart-pos:testIamPermissions {"permissions":["firebase.projects.get","firebasehosting.sites.update"]}
[debug] [2022-11-24T20:14:56.282Z] <<< [apiv2][status] GET https://firebase-public.firebaseio.com/cli.json 200
[debug] [2022-11-24T20:14:56.282Z] <<< [apiv2][body] GET https://firebase-public.firebaseio.com/cli.json {"cloudBuildErrorAfter":1594252800000,"cloudBuildWarnAfter":1590019200000,"defaultNode10After":1594252800000,"minVersion":"3.0.5","node8DeploysDisabledAfter":1613390400000,"node8RuntimeDisabledAfter":1615809600000,"node8WarnAfter":1600128000000}
[debug] [2022-11-24T20:14:57.781Z] <<< [apiv2][status] POST https://cloudresourcemanager.googleapis.com/v1/projects/atif-super-mart-pos:testIamPermissions 401
[debug] [2022-11-24T20:14:57.781Z] <<< [apiv2][body] POST https://cloudresourcemanager.googleapis.com/v1/projects/atif-super-mart-pos:testIamPermissions {"error":{"code":401,"message":"Request had invalid authentication credentials. Expected OAuth 2 access token, login cookie or other valid authentication credential. See https://developers.google.com/identity/sign-in/web/devconsole-project.","status":"UNAUTHENTICATED","details":[{"@type":"type.googleapis.com/google.rpc.ErrorInfo","reason":"ACCESS_TOKEN_TYPE_UNSUPPORTED","metadata":{"method":"google.cloudresourcemanager.v1.Projects.TestIamPermissions","service":"cloudresourcemanager.googleapis.com"}}]}}
[debug] [2022-11-24T20:14:57.783Z] [iam] error while checking permissions, command may fail: FirebaseError: HTTP Error: 401, Request had invalid authentication credentials. Expected OAuth 2 access token, login cookie or other valid authentication credential. See https://developers.google.com/identity/sign-in/web/devconsole-project.
[debug] [2022-11-24T20:14:57.783Z] > refreshing access token with scopes: []
[debug] [2022-11-24T20:14:57.784Z] >>> [apiv2][query] POST https://www.googleapis.com/oauth2/v3/token [none]
[debug] [2022-11-24T20:14:57.785Z] >>> [apiv2][body] POST https://www.googleapis.com/oauth2/v3/token [omitted]
[debug] [2022-11-24T20:14:58.083Z] <<< [apiv2][status] POST https://www.googleapis.com/oauth2/v3/token 400
[debug] [2022-11-24T20:14:58.083Z] <<< [apiv2][body] POST https://www.googleapis.com/oauth2/v3/token [omitted]
[debug] [2022-11-24T20:14:58.084Z] >>> [apiv2][query] GET https://firebase.googleapis.com/v1beta1/projects/atif-super-mart-pos [none]
[debug] [2022-11-24T20:14:58.542Z] <<< [apiv2][status] GET https://firebase.googleapis.com/v1beta1/projects/atif-super-mart-pos 401
[debug] [2022-11-24T20:14:58.542Z] <<< [apiv2][body] GET https://firebase.googleapis.com/v1beta1/projects/atif-super-mart-pos {"error":{"code":401,"message":"Request had invalid authentication credentials. Expected OAuth 2 access token, login cookie or other valid authentication credential. See https://developers.google.com/identity/sign-in/web/devconsole-project.","status":"UNAUTHENTICATED"}}
[debug] [2022-11-24T20:14:58.542Z] HTTP Error: 401, Request had invalid authentication credentials. Expected OAuth 2 access token, login cookie or other valid authentication credential. See https://developers.google.com/identity/sign-in/web/devconsole-project.
[debug] [2022-11-24T20:14:58.886Z] FirebaseError: HTTP Error: 401, Request had invalid authentication credentials. Expected OAuth 2 access token, login cookie or other valid authentication credential. See https://developers.google.com/identity/sign-in/web/devconsole-project.
    at responseToError (C:\Users\sarwa\AppData\Roaming\npm\node_modules\firebase-tools\lib\responseToError.js:49:12)
    at RetryOperation._fn (C:\Users\sarwa\AppData\Roaming\npm\node_modules\firebase-tools\lib\apiv2.js:288:77)
    at processTicksAndRejections (node:internal/process/task_queues:96:5)
[error] 
[error] Error: Failed to get Firebase project atif-super-mart-pos. Please make sure the project exists and your account has permission to access it.
[debug] [2022-11-24T20:15:15.154Z] ----------------------------------------------------------------------
[debug] [2022-11-24T20:15:15.157Z] Command:       C:\Program Files\nodejs\node.exe C:\Users\sarwa\AppData\Roaming\npm\node_modules\firebase-tools\lib\bin\firebase.js deploy
[debug] [2022-11-24T20:15:15.158Z] CLI Version:   11.16.0
[debug] [2022-11-24T20:15:15.159Z] Platform:      win32
[debug] [2022-11-24T20:15:15.159Z] Node Version:  v16.13.1
[debug] [2022-11-24T20:15:15.160Z] Time:          Fri Nov 25 2022 02:15:15 GMT+0600 (Bangladesh Standard Time)
[debug] [2022-11-24T20:15:15.161Z] ----------------------------------------------------------------------
[debug] 
[debug] [2022-11-24T20:15:15.282Z] > command requires scopes: ["email","openid","https://www.googleapis.com/auth/cloudplatformprojects.readonly","https://www.googleapis.com/auth/firebase","https://www.googleapis.com/auth/cloud-platform"]
[debug] [2022-11-24T20:15:15.282Z] > authorizing via signed-in user (shohidmax@gmail.com)
[debug] [2022-11-24T20:15:15.283Z] [iam] checking project atif-super-mart-pos for permissions ["firebase.projects.get","firebasehosting.sites.update"]
[debug] [2022-11-24T20:15:15.285Z] > refreshing access token with scopes: []
[debug] [2022-11-24T20:15:15.292Z] >>> [apiv2][query] POST https://www.googleapis.com/oauth2/v3/token [none]
[debug] [2022-11-24T20:15:15.292Z] >>> [apiv2][body] POST https://www.googleapis.com/oauth2/v3/token [omitted]
[debug] [2022-11-24T20:15:15.646Z] <<< [apiv2][status] POST https://www.googleapis.com/oauth2/v3/token 400
[debug] [2022-11-24T20:15:15.646Z] <<< [apiv2][body] POST https://www.googleapis.com/oauth2/v3/token [omitted]
[debug] [2022-11-24T20:15:15.646Z] >>> [apiv2][query] POST https://cloudresourcemanager.googleapis.com/v1/projects/atif-super-mart-pos:testIamPermissions [none]
[debug] [2022-11-24T20:15:15.646Z] >>> [apiv2][(partial)header] POST https://cloudresourcemanager.googleapis.com/v1/projects/atif-super-mart-pos:testIamPermissions x-goog-quota-user=projects/atif-super-mart-pos
[debug] [2022-11-24T20:15:15.647Z] >>> [apiv2][body] POST https://cloudresourcemanager.googleapis.com/v1/projects/atif-super-mart-pos:testIamPermissions {"permissions":["firebase.projects.get","firebasehosting.sites.update"]}
[debug] [2022-11-24T20:15:17.036Z] <<< [apiv2][status] POST https://cloudresourcemanager.googleapis.com/v1/projects/atif-super-mart-pos:testIamPermissions 401
[debug] [2022-11-24T20:15:17.036Z] <<< [apiv2][body] POST https://cloudresourcemanager.googleapis.com/v1/projects/atif-super-mart-pos:testIamPermissions {"error":{"code":401,"message":"Request had invalid authentication credentials. Expected OAuth 2 access token, login cookie or other valid authentication credential. See https://developers.google.com/identity/sign-in/web/devconsole-project.","status":"UNAUTHENTICATED","details":[{"@type":"type.googleapis.com/google.rpc.ErrorInfo","reason":"ACCESS_TOKEN_TYPE_UNSUPPORTED","metadata":{"method":"google.cloudresourcemanager.v1.Projects.TestIamPermissions","service":"cloudresourcemanager.googleapis.com"}}]}}
[debug] [2022-11-24T20:15:17.037Z] [iam] error while checking permissions, command may fail: FirebaseError: HTTP Error: 401, Request had invalid authentication credentials. Expected OAuth 2 access token, login cookie or other valid authentication credential. See https://developers.google.com/identity/sign-in/web/devconsole-project.
[debug] [2022-11-24T20:15:17.038Z] > refreshing access token with scopes: []
[debug] [2022-11-24T20:15:17.038Z] >>> [apiv2][query] POST https://www.googleapis.com/oauth2/v3/token [none]
[debug] [2022-11-24T20:15:17.038Z] >>> [apiv2][body] POST https://www.googleapis.com/oauth2/v3/token [omitted]
[debug] [2022-11-24T20:15:17.351Z] <<< [apiv2][status] POST https://www.googleapis.com/oauth2/v3/token 400
[debug] [2022-11-24T20:15:17.351Z] <<< [apiv2][body] POST https://www.googleapis.com/oauth2/v3/token [omitted]
[debug] [2022-11-24T20:15:17.352Z] >>> [apiv2][query] GET https://firebase.googleapis.com/v1beta1/projects/atif-super-mart-pos [none]
[debug] [2022-11-24T20:15:17.650Z] <<< [apiv2][status] GET https://firebase.googleapis.com/v1beta1/projects/atif-super-mart-pos 401
[debug] [2022-11-24T20:15:17.650Z] <<< [apiv2][body] GET https://firebase.googleapis.com/v1beta1/projects/atif-super-mart-pos {"error":{"code":401,"message":"Request had invalid authentication credentials. Expected OAuth 2 access token, login cookie or other valid authentication credential. See https://developers.google.com/identity/sign-in/web/devconsole-project.","status":"UNAUTHENTICATED"}}
[debug] [2022-11-24T20:15:17.651Z] HTTP Error: 401, Request had invalid authentication credentials. Expected OAuth 2 access token, login cookie or other valid authentication credential. See https://developers.google.com/identity/sign-in/web/devconsole-project.
[debug] [2022-11-24T20:15:17.925Z] FirebaseError: HTTP Error: 401, Request had invalid authentication credentials. Expected OAuth 2 access token, login cookie or other valid authentication credential. See https://developers.google.com/identity/sign-in/web/devconsole-project.
    at responseToError (C:\Users\sarwa\AppData\Roaming\npm\node_modules\firebase-tools\lib\responseToError.js:49:12)
    at RetryOperation._fn (C:\Users\sarwa\AppData\Roaming\npm\node_modules\firebase-tools\lib\apiv2.js:288:77)
    at processTicksAndRejections (node:internal/process/task_queues:96:5)
[error] 
[error] Error: Failed to get Firebase project atif-super-mart-pos. Please make sure the project exists and your account has permission to access it.
[debug] [2022-11-24T20:17:10.317Z] ----------------------------------------------------------------------
[debug] [2022-11-24T20:17:10.320Z] Command:       C:\Program Files\nodejs\node.exe C:\Users\sarwa\AppData\Roaming\npm\node_modules\firebase-tools\lib\bin\firebase.js deploy
[debug] [2022-11-24T20:17:10.321Z] CLI Version:   11.16.1
[debug] [2022-11-24T20:17:10.321Z] Platform:      win32
[debug] [2022-11-24T20:17:10.321Z] Node Version:  v16.13.1
[debug] [2022-11-24T20:17:10.323Z] Time:          Fri Nov 25 2022 02:17:10 GMT+0600 (Bangladesh Standard Time)
[debug] [2022-11-24T20:17:10.323Z] ----------------------------------------------------------------------
[debug] 
[debug] [2022-11-24T20:17:10.441Z] > command requires scopes: ["email","openid","https://www.googleapis.com/auth/cloudplatformprojects.readonly","https://www.googleapis.com/auth/firebase","https://www.googleapis.com/auth/cloud-platform"]
[debug] [2022-11-24T20:17:10.442Z] > authorizing via signed-in user (shohidmax@gmail.com)
[debug] [2022-11-24T20:17:10.443Z] [iam] checking project atif-super-mart-pos for permissions ["firebase.projects.get","firebasehosting.sites.update"]
[debug] [2022-11-24T20:17:10.445Z] > refreshing access token with scopes: []
[debug] [2022-11-24T20:17:10.448Z] >>> [apiv2][query] POST https://www.googleapis.com/oauth2/v3/token [none]
[debug] [2022-11-24T20:17:10.448Z] >>> [apiv2][body] POST https://www.googleapis.com/oauth2/v3/token [omitted]
[debug] [2022-11-24T20:17:10.838Z] <<< [apiv2][status] POST https://www.googleapis.com/oauth2/v3/token 400
[debug] [2022-11-24T20:17:10.838Z] <<< [apiv2][body] POST https://www.googleapis.com/oauth2/v3/token [omitted]
[debug] [2022-11-24T20:17:10.839Z] >>> [apiv2][query] POST https://cloudresourcemanager.googleapis.com/v1/projects/atif-super-mart-pos:testIamPermissions [none]
[debug] [2022-11-24T20:17:10.839Z] >>> [apiv2][(partial)header] POST https://cloudresourcemanager.googleapis.com/v1/projects/atif-super-mart-pos:testIamPermissions x-goog-quota-user=projects/atif-super-mart-pos
[debug] [2022-11-24T20:17:10.839Z] >>> [apiv2][body] POST https://cloudresourcemanager.googleapis.com/v1/projects/atif-super-mart-pos:testIamPermissions {"permissions":["firebase.projects.get","firebasehosting.sites.update"]}
[debug] [2022-11-24T20:17:12.280Z] <<< [apiv2][status] POST https://cloudresourcemanager.googleapis.com/v1/projects/atif-super-mart-pos:testIamPermissions 401
[debug] [2022-11-24T20:17:12.281Z] <<< [apiv2][body] POST https://cloudresourcemanager.googleapis.com/v1/projects/atif-super-mart-pos:testIamPermissions {"error":{"code":401,"message":"Request had invalid authentication credentials. Expected OAuth 2 access token, login cookie or other valid authentication credential. See https://developers.google.com/identity/sign-in/web/devconsole-project.","status":"UNAUTHENTICATED","details":[{"@type":"type.googleapis.com/google.rpc.ErrorInfo","reason":"ACCESS_TOKEN_TYPE_UNSUPPORTED","metadata":{"service":"cloudresourcemanager.googleapis.com","method":"google.cloudresourcemanager.v1.Projects.TestIamPermissions"}}]}}
[debug] [2022-11-24T20:17:12.282Z] [iam] error while checking permissions, command may fail: FirebaseError: HTTP Error: 401, Request had invalid authentication credentials. Expected OAuth 2 access token, login cookie or other valid authentication credential. See https://developers.google.com/identity/sign-in/web/devconsole-project.
[debug] [2022-11-24T20:17:12.282Z] > refreshing access token with scopes: []
[debug] [2022-11-24T20:17:12.283Z] >>> [apiv2][query] POST https://www.googleapis.com/oauth2/v3/token [none]
[debug] [2022-11-24T20:17:12.283Z] >>> [apiv2][body] POST https://www.googleapis.com/oauth2/v3/token [omitted]
[debug] [2022-11-24T20:17:12.581Z] <<< [apiv2][status] POST https://www.googleapis.com/oauth2/v3/token 400
[debug] [2022-11-24T20:17:12.582Z] <<< [apiv2][body] POST https://www.googleapis.com/oauth2/v3/token [omitted]
[debug] [2022-11-24T20:17:12.583Z] >>> [apiv2][query] GET https://firebase.googleapis.com/v1beta1/projects/atif-super-mart-pos [none]
[debug] [2022-11-24T20:17:13.106Z] <<< [apiv2][status] GET https://firebase.googleapis.com/v1beta1/projects/atif-super-mart-pos 401
[debug] [2022-11-24T20:17:13.107Z] <<< [apiv2][body] GET https://firebase.googleapis.com/v1beta1/projects/atif-super-mart-pos {"error":{"code":401,"message":"Request had invalid authentication credentials. Expected OAuth 2 access token, login cookie or other valid authentication credential. See https://developers.google.com/identity/sign-in/web/devconsole-project.","status":"UNAUTHENTICATED"}}
[debug] [2022-11-24T20:17:13.108Z] HTTP Error: 401, Request had invalid authentication credentials. Expected OAuth 2 access token, login cookie or other valid authentication credential. See https://developers.google.com/identity/sign-in/web/devconsole-project.
[debug] [2022-11-24T20:17:13.469Z] FirebaseError: HTTP Error: 401, Request had invalid authentication credentials. Expected OAuth 2 access token, login cookie or other valid authentication credential. See https://developers.google.com/identity/sign-in/web/devconsole-project.
    at responseToError (C:\Users\sarwa\AppData\Roaming\npm\node_modules\firebase-tools\lib\responseToError.js:49:12)
    at RetryOperation._fn (C:\Users\sarwa\AppData\Roaming\npm\node_modules\firebase-tools\lib\apiv2.js:288:77)
    at processTicksAndRejections (node:internal/process/task_queues:96:5)
[error] 
[error] Error: Failed to get Firebase project atif-super-mart-pos. Please make sure the project exists and your account has permission to access it.
[debug] [2022-11-24T20:17:36.017Z] ----------------------------------------------------------------------
[debug] [2022-11-24T20:17:36.020Z] Command:       C:\Program Files\nodejs\node.exe C:\Users\sarwa\AppData\Roaming\npm\node_modules\firebase-tools\lib\bin\firebase.js deploy
[debug] [2022-11-24T20:17:36.021Z] CLI Version:   11.16.1
[debug] [2022-11-24T20:17:36.021Z] Platform:      win32
[debug] [2022-11-24T20:17:36.021Z] Node Version:  v16.13.1
[debug] [2022-11-24T20:17:36.023Z] Time:          Fri Nov 25 2022 02:17:36 GMT+0600 (Bangladesh Standard Time)
[debug] [2022-11-24T20:17:36.023Z] ----------------------------------------------------------------------
[debug] 
[debug] [2022-11-24T20:17:36.127Z] > command requires scopes: ["email","openid","https://www.googleapis.com/auth/cloudplatformprojects.readonly","https://www.googleapis.com/auth/firebase","https://www.googleapis.com/auth/cloud-platform"]
[debug] [2022-11-24T20:17:36.127Z] > authorizing via signed-in user (shohidmax@gmail.com)
[debug] [2022-11-24T20:17:36.127Z] [iam] checking project atif-super-mart-pos for permissions ["firebase.projects.get","firebasehosting.sites.update"]
[debug] [2022-11-24T20:17:36.130Z] > refreshing access token with scopes: []
[debug] [2022-11-24T20:17:36.133Z] >>> [apiv2][query] POST https://www.googleapis.com/oauth2/v3/token [none]
[debug] [2022-11-24T20:17:36.133Z] >>> [apiv2][body] POST https://www.googleapis.com/oauth2/v3/token [omitted]
[debug] [2022-11-24T20:17:36.476Z] <<< [apiv2][status] POST https://www.googleapis.com/oauth2/v3/token 400
[debug] [2022-11-24T20:17:36.477Z] <<< [apiv2][body] POST https://www.googleapis.com/oauth2/v3/token [omitted]
[debug] [2022-11-24T20:17:36.477Z] >>> [apiv2][query] POST https://cloudresourcemanager.googleapis.com/v1/projects/atif-super-mart-pos:testIamPermissions [none]
[debug] [2022-11-24T20:17:36.477Z] >>> [apiv2][(partial)header] POST https://cloudresourcemanager.googleapis.com/v1/projects/atif-super-mart-pos:testIamPermissions x-goog-quota-user=projects/atif-super-mart-pos
[debug] [2022-11-24T20:17:36.478Z] >>> [apiv2][body] POST https://cloudresourcemanager.googleapis.com/v1/projects/atif-super-mart-pos:testIamPermissions {"permissions":["firebase.projects.get","firebasehosting.sites.update"]}
[debug] [2022-11-24T20:17:37.893Z] <<< [apiv2][status] POST https://cloudresourcemanager.googleapis.com/v1/projects/atif-super-mart-pos:testIamPermissions 401
[debug] [2022-11-24T20:17:37.894Z] <<< [apiv2][body] POST https://cloudresourcemanager.googleapis.com/v1/projects/atif-super-mart-pos:testIamPermissions {"error":{"code":401,"message":"Request had invalid authentication credentials. Expected OAuth 2 access token, login cookie or other valid authentication credential. See https://developers.google.com/identity/sign-in/web/devconsole-project.","status":"UNAUTHENTICATED","details":[{"@type":"type.googleapis.com/google.rpc.ErrorInfo","reason":"ACCESS_TOKEN_TYPE_UNSUPPORTED","metadata":{"method":"google.cloudresourcemanager.v1.Projects.TestIamPermissions","service":"cloudresourcemanager.googleapis.com"}}]}}
[debug] [2022-11-24T20:17:37.896Z] [iam] error while checking permissions, command may fail: FirebaseError: HTTP Error: 401, Request had invalid authentication credentials. Expected OAuth 2 access token, login cookie or other valid authentication credential. See https://developers.google.com/identity/sign-in/web/devconsole-project.
[debug] [2022-11-24T20:17:37.897Z] > refreshing access token with scopes: []
[debug] [2022-11-24T20:17:37.898Z] >>> [apiv2][query] POST https://www.googleapis.com/oauth2/v3/token [none]
[debug] [2022-11-24T20:17:37.898Z] >>> [apiv2][body] POST https://www.googleapis.com/oauth2/v3/token [omitted]
[debug] [2022-11-24T20:17:38.171Z] <<< [apiv2][status] POST https://www.googleapis.com/oauth2/v3/token 400
[debug] [2022-11-24T20:17:38.171Z] <<< [apiv2][body] POST https://www.googleapis.com/oauth2/v3/token [omitted]
[debug] [2022-11-24T20:17:38.172Z] >>> [apiv2][query] GET https://firebase.googleapis.com/v1beta1/projects/atif-super-mart-pos [none]
[debug] [2022-11-24T20:17:38.710Z] <<< [apiv2][status] GET https://firebase.googleapis.com/v1beta1/projects/atif-super-mart-pos 401
[debug] [2022-11-24T20:17:38.710Z] <<< [apiv2][body] GET https://firebase.googleapis.com/v1beta1/projects/atif-super-mart-pos {"error":{"code":401,"message":"Request had invalid authentication credentials. Expected OAuth 2 access token, login cookie or other valid authentication credential. See https://developers.google.com/identity/sign-in/web/devconsole-project.","status":"UNAUTHENTICATED"}}
[debug] [2022-11-24T20:17:38.711Z] HTTP Error: 401, Request had invalid authentication credentials. Expected OAuth 2 access token, login cookie or other valid authentication credential. See https://developers.google.com/identity/sign-in/web/devconsole-project.
[debug] [2022-11-24T20:17:38.997Z] FirebaseError: HTTP Error: 401, Request had invalid authentication credentials. Expected OAuth 2 access token, login cookie or other valid authentication credential. See https://developers.google.com/identity/sign-in/web/devconsole-project.
    at responseToError (C:\Users\sarwa\AppData\Roaming\npm\node_modules\firebase-tools\lib\responseToError.js:49:12)
    at RetryOperation._fn (C:\Users\sarwa\AppData\Roaming\npm\node_modules\firebase-tools\lib\apiv2.js:288:77)
    at processTicksAndRejections (node:internal/process/task_queues:96:5)
[error] 
[error] Error: Failed to get Firebase project atif-super-mart-pos. Please make sure the project exists and your account has permission to access it.
